<?xml version="1.0" encoding="UTF-8"?>
<!-- Generated by org.testng.reporters.JUnitXMLReporter -->
<testsuite hostname="THIYAGAM4" ignored="0" name="Test on Rest API" tests="9" failures="0" timestamp="15 Mar 2017 10:04:08 GMT" time="5.675" errors="0">
  <testcase name="getAE" time="1.788" classname="com.org.iot.test.smoke.Smoke"/>
  <testcase name="createGroup" time="0.794" classname="com.org.iot.test.smoke.Smoke"/>
  <testcase name="createContainer" time="0.25" classname="com.org.iot.test.smoke.Smoke"/>
  <testcase name="getContainerData" time="0.125" classname="com.org.iot.test.smoke.Smoke"/>
  <testcase name="createSubscriptionGroup" time="0.282" classname="com.org.iot.test.smoke.Smoke"/>
  <testcase name="createSubscriptionAE" time="0.358" classname="com.org.iot.test.smoke.Smoke"/>
  <testcase name="createSubscriptionCNT" time="0.25" classname="com.org.iot.test.smoke.Smoke"/>
  <testcase name="updateAE" time="0.859" classname="com.org.iot.test.smoke.Smoke"/>
  <testcase name="updateCNT" time="0.687" classname="com.org.iot.test.smoke.Smoke"/>
</testsuite> <!-- Test on Rest API -->
