<?xml version="1.0" encoding="UTF-8"?>
<!-- Generated by org.testng.reporters.JUnitXMLReporter -->
<testsuite hostname="THIYAGAM4" ignored="0" name="Default test" tests="9" failures="0" timestamp="14 Mar 2017 07:34:38 GMT" time="6.753" errors="0">
  <testcase name="getAE" time="2.079" classname="com.org.iot.test.smoke.SmokeTest"/>
  <testcase name="createGroup" time="1.274" classname="com.org.iot.test.smoke.SmokeTest"/>
  <testcase name="createContainer" time="0.24" classname="com.org.iot.test.smoke.SmokeTest"/>
  <testcase name="getContainerData" time="0.175" classname="com.org.iot.test.smoke.SmokeTest"/>
  <testcase name="createSubscriptionGroup" time="0.41" classname="com.org.iot.test.smoke.SmokeTest"/>
  <testcase name="createSubscriptionAE" time="0.703" classname="com.org.iot.test.smoke.SmokeTest"/>
  <testcase name="createSubscriptionCNT" time="0.278" classname="com.org.iot.test.smoke.SmokeTest"/>
  <testcase name="updateAE" time="0.645" classname="com.org.iot.test.smoke.SmokeTest"/>
  <testcase name="updateCNT" time="0.587" classname="com.org.iot.test.smoke.SmokeTest"/>
</testsuite> <!-- Default test -->
