<?xml version="1.0" encoding="UTF-8"?>
<testng-results skipped="0" failed="0" ignored="0" total="9" passed="9">
  <reporter-output>
  </reporter-output>
  <suite name="Default suite" duration-ms="5193" started-at="2017-03-15T13:18:20Z" finished-at="2017-03-15T13:18:25Z">
    <groups>
    </groups>
    <test name="Default test" duration-ms="5193" started-at="2017-03-15T13:18:20Z" finished-at="2017-03-15T13:18:25Z">
      <class name="com.org.iot.test.smoke.Smoke">
        <test-method status="PASS" signature="setupAutomation()[pri:0, instance:com.org.iot.test.smoke.Smoke@598067a5]" name="setupAutomation" is-config="true" duration-ms="221" started-at="2017-03-15T18:48:20Z" finished-at="2017-03-15T18:48:20Z">
          <reporter-output>
          </reporter-output>
        </test-method> <!-- setupAutomation -->
        <test-method status="PASS" signature="getAE()[pri:1, instance:com.org.iot.test.smoke.Smoke@598067a5]" name="getAE" duration-ms="1777" started-at="2017-03-15T18:48:20Z" description="Validate whether the application is able to access AE information" finished-at="2017-03-15T18:48:22Z">
          <reporter-output>
          </reporter-output>
        </test-method> <!-- getAE -->
        <test-method status="PASS" signature="createGroup()[pri:2, instance:com.org.iot.test.smoke.Smoke@598067a5]" name="createGroup" duration-ms="1024" started-at="2017-03-15T18:48:22Z" description="Validate whether a device group can be created" finished-at="2017-03-15T18:48:23Z">
          <reporter-output>
          </reporter-output>
        </test-method> <!-- createGroup -->
        <test-method status="PASS" signature="createContainer()[pri:3, instance:com.org.iot.test.smoke.Smoke@598067a5]" name="createContainer" duration-ms="231" started-at="2017-03-15T18:48:23Z" description="Validate Whether Application can able to create Container for device" finished-at="2017-03-15T18:48:23Z">
          <reporter-output>
          </reporter-output>
        </test-method> <!-- createContainer -->
        <test-method status="PASS" signature="getContainerData()[pri:4, instance:com.org.iot.test.smoke.Smoke@598067a5]" name="getContainerData" duration-ms="130" started-at="2017-03-15T18:48:23Z" description="Validate whether the application is able to access the AE&#039;s container data" finished-at="2017-03-15T18:48:23Z">
          <reporter-output>
          </reporter-output>
        </test-method> <!-- getContainerData -->
        <test-method status="PASS" signature="createSubscriptionGroup()[pri:5, instance:com.org.iot.test.smoke.Smoke@598067a5]" name="createSubscriptionGroup" duration-ms="348" started-at="2017-03-15T18:48:23Z" description="Validate whether the application is able to create subscription for a group" finished-at="2017-03-15T18:48:24Z">
          <reporter-output>
          </reporter-output>
        </test-method> <!-- createSubscriptionGroup -->
        <test-method status="PASS" signature="createSubscriptionAE()[pri:6, instance:com.org.iot.test.smoke.Smoke@598067a5]" name="createSubscriptionAE" duration-ms="330" started-at="2017-03-15T18:48:24Z" description="Validate whether the application is able to create subscription for AE" finished-at="2017-03-15T18:48:24Z">
          <reporter-output>
          </reporter-output>
        </test-method> <!-- createSubscriptionAE -->
        <test-method status="PASS" signature="createSubscriptionCNT()[pri:7, instance:com.org.iot.test.smoke.Smoke@598067a5]" name="createSubscriptionCNT" duration-ms="301" started-at="2017-03-15T18:48:24Z" description="Validate whether the application is able to create subscription for AE&#039;s container" finished-at="2017-03-15T18:48:24Z">
          <reporter-output>
          </reporter-output>
        </test-method> <!-- createSubscriptionCNT -->
        <test-method status="PASS" signature="updateAE()[pri:8, instance:com.org.iot.test.smoke.Smoke@598067a5]" name="updateAE" duration-ms="580" started-at="2017-03-15T18:48:24Z" description="Validate whether the application is able to update the AE data" finished-at="2017-03-15T18:48:25Z">
          <reporter-output>
          </reporter-output>
        </test-method> <!-- updateAE -->
        <test-method status="PASS" signature="updateCNT()[pri:9, instance:com.org.iot.test.smoke.Smoke@598067a5]" name="updateCNT" duration-ms="241" started-at="2017-03-15T18:48:25Z" description="Validate whetehr the application is able to update the AE&#039;s container data" finished-at="2017-03-15T18:48:25Z">
          <reporter-output>
          </reporter-output>
        </test-method> <!-- updateCNT -->
      </class> <!-- com.org.iot.test.smoke.Smoke -->
    </test> <!-- Default test -->
  </suite> <!-- Default suite -->
</testng-results>
